  AES_DEC.c
c:\users\dbwls\desktop\최적화연구실\project1_aes\aes\aes\aes_dec.c(193): warning C4013: 'KeyExpansion'이(가) 정의되지 않았습니다. extern은 int형을 반환하는 것으로 간주합니다.
  AES_ENC.c
c:\users\dbwls\desktop\최적화연구실\project1_aes\aes\aes\aes_enc.c(69): warning C4554: '<<': 연산자 우선 순위에 오류가 있는지 확인하세요. 괄호를 사용하여 우선 순위를 명확하게 지정하세요.
c:\users\dbwls\desktop\최적화연구실\project1_aes\aes\aes\aes_enc.c(69): warning C4554: '>>': 연산자 우선 순위에 오류가 있는지 확인하세요. 괄호를 사용하여 우선 순위를 명확하게 지정하세요.
  ENC_Mode.c
c:\users\dbwls\desktop\최적화연구실\project1_aes\aes\aes\enc_mode.c(65): warning C4101: 'j' :참조되지 않은 지역 변수입니다.
c:\users\dbwls\desktop\최적화연구실\project1_aes\aes\aes\enc_mode.c(239): warning C4018: '<': signed 또는 unsigned가 일치하지 않습니다.
c:\users\dbwls\desktop\최적화연구실\project1_aes\aes\aes\enc_mode.c(246): warning C4018: '<': signed 또는 unsigned가 일치하지 않습니다.
c:\users\dbwls\desktop\최적화연구실\project1_aes\aes\aes\enc_mode.c(255): warning C4018: '<': signed 또는 unsigned가 일치하지 않습니다.
c:\users\dbwls\desktop\최적화연구실\project1_aes\aes\aes\enc_mode.c(262): warning C4018: '<': signed 또는 unsigned가 일치하지 않습니다.
c:\users\dbwls\desktop\최적화연구실\project1_aes\aes\aes\enc_mode.c(301): warning C4018: '<': signed 또는 unsigned가 일치하지 않습니다.
c:\users\dbwls\desktop\최적화연구실\project1_aes\aes\aes\enc_mode.c(310): warning C4018: '<': signed 또는 unsigned가 일치하지 않습니다.
c:\users\dbwls\desktop\최적화연구실\project1_aes\aes\aes\enc_mode.c(347): warning C4018: '<': signed 또는 unsigned가 일치하지 않습니다.
c:\users\dbwls\desktop\최적화연구실\project1_aes\aes\aes\enc_mode.c(354): warning C4018: '<': signed 또는 unsigned가 일치하지 않습니다.
c:\users\dbwls\desktop\최적화연구실\project1_aes\aes\aes\enc_mode.c(363): warning C4018: '<': signed 또는 unsigned가 일치하지 않습니다.
c:\users\dbwls\desktop\최적화연구실\project1_aes\aes\aes\enc_mode.c(370): warning C4018: '<': signed 또는 unsigned가 일치하지 않습니다.
c:\users\dbwls\desktop\최적화연구실\project1_aes\aes\aes\enc_mode.c(379): warning C4018: '<': signed 또는 unsigned가 일치하지 않습니다.
c:\users\dbwls\desktop\최적화연구실\project1_aes\aes\aes\enc_mode.c(386): warning C4018: '<': signed 또는 unsigned가 일치하지 않습니다.
c:\users\dbwls\desktop\최적화연구실\project1_aes\aes\aes\enc_mode.c(447): warning C4018: '<': signed 또는 unsigned가 일치하지 않습니다.
c:\users\dbwls\desktop\최적화연구실\project1_aes\aes\aes\enc_mode.c(456): warning C4018: '<': signed 또는 unsigned가 일치하지 않습니다.
c:\users\dbwls\desktop\최적화연구실\project1_aes\aes\aes\enc_mode.c(515): warning C4018: '<': signed 또는 unsigned가 일치하지 않습니다.
c:\users\dbwls\desktop\최적화연구실\project1_aes\aes\aes\enc_mode.c(522): warning C4018: '<': signed 또는 unsigned가 일치하지 않습니다.
c:\users\dbwls\desktop\최적화연구실\project1_aes\aes\aes\enc_mode.c(531): warning C4018: '<': signed 또는 unsigned가 일치하지 않습니다.
c:\users\dbwls\desktop\최적화연구실\project1_aes\aes\aes\enc_mode.c(538): warning C4018: '<': signed 또는 unsigned가 일치하지 않습니다.
c:\users\dbwls\desktop\최적화연구실\project1_aes\aes\aes\enc_mode.c(547): warning C4018: '<': signed 또는 unsigned가 일치하지 않습니다.
c:\users\dbwls\desktop\최적화연구실\project1_aes\aes\aes\enc_mode.c(554): warning C4018: '<': signed 또는 unsigned가 일치하지 않습니다.
c:\users\dbwls\desktop\최적화연구실\project1_aes\aes\aes\enc_mode.c(618): warning C4018: '<': signed 또는 unsigned가 일치하지 않습니다.
c:\users\dbwls\desktop\최적화연구실\project1_aes\aes\aes\enc_mode.c(627): warning C4018: '<': signed 또는 unsigned가 일치하지 않습니다.
  Main.c
c:\users\dbwls\desktop\최적화연구실\project1_aes\aes\aes\main.c(3): warning C4244: 'return': 'unsigned __int64'에서 'unsigned int'(으)로 변환하면서 데이터가 손실될 수 있습니다.
c:\users\dbwls\desktop\최적화연구실\project1_aes\aes\aes\main.c(7): warning C4101: 'i' :참조되지 않은 지역 변수입니다.
c:\users\dbwls\desktop\최적화연구실\project1_aes\aes\aes\main.c(7): warning C4101: 'n' :참조되지 않은 지역 변수입니다.
  test.c
c:\users\dbwls\desktop\최적화연구실\project1_aes\aes\aes\test.c(23): warning C4267: '=': 'size_t'에서 'int'(으)로 변환하면서 데이터가 손실될 수 있습니다.
c:\users\dbwls\desktop\최적화연구실\project1_aes\aes\aes\test.c(32): warning C4013: 'isalpha'이(가) 정의되지 않았습니다. extern은 int형을 반환하는 것으로 간주합니다.
c:\users\dbwls\desktop\최적화연구실\project1_aes\aes\aes\test.c(34): warning C4013: 'toupper'이(가) 정의되지 않았습니다. extern은 int형을 반환하는 것으로 간주합니다.
c:\users\dbwls\desktop\최적화연구실\project1_aes\aes\aes\test.c(96): warning C4047: '함수': 'int *'의 간접 참조 수준이 'int **'과(와) 다릅니다.
c:\users\dbwls\desktop\최적화연구실\project1_aes\aes\aes\test.c(96): warning C4024: 'Ascii': 형식 및 실제 매개 변수 3의 형식이 서로 다릅니다.
c:\users\dbwls\desktop\최적화연구실\project1_aes\aes\aes\test.c(116): warning C4013: 'ECB'이(가) 정의되지 않았습니다. extern은 int형을 반환하는 것으로 간주합니다.
c:\users\dbwls\desktop\최적화연구실\project1_aes\aes\aes\test.c(74): warning C4101: 'pt_string' :참조되지 않은 지역 변수입니다.
c:\users\dbwls\desktop\최적화연구실\project1_aes\aes\aes\test.c(74): warning C4101: 'key_string' :참조되지 않은 지역 변수입니다.
c:\users\dbwls\desktop\최적화연구실\project1_aes\aes\aes\test.c(181): warning C4047: '함수': 'int *'의 간접 참조 수준이 'int **'과(와) 다릅니다.
c:\users\dbwls\desktop\최적화연구실\project1_aes\aes\aes\test.c(181): warning C4024: 'Ascii': 형식 및 실제 매개 변수 3의 형식이 서로 다릅니다.
c:\users\dbwls\desktop\최적화연구실\project1_aes\aes\aes\test.c(215): warning C4013: 'CBC'이(가) 정의되지 않았습니다. extern은 int형을 반환하는 것으로 간주합니다.
c:\users\dbwls\desktop\최적화연구실\project1_aes\aes\aes\test.c(157): warning C4101: 'pt_string' :참조되지 않은 지역 변수입니다.
c:\users\dbwls\desktop\최적화연구실\project1_aes\aes\aes\test.c(157): warning C4101: 'key_string' :참조되지 않은 지역 변수입니다.
c:\users\dbwls\desktop\최적화연구실\project1_aes\aes\aes\test.c(157): warning C4101: 'iv_string' :참조되지 않은 지역 변수입니다.
c:\users\dbwls\desktop\최적화연구실\project1_aes\aes\aes\test.c(279): warning C4047: '함수': 'int *'의 간접 참조 수준이 'int **'과(와) 다릅니다.
c:\users\dbwls\desktop\최적화연구실\project1_aes\aes\aes\test.c(279): warning C4024: 'Ascii': 형식 및 실제 매개 변수 3의 형식이 서로 다릅니다.
c:\users\dbwls\desktop\최적화연구실\project1_aes\aes\aes\test.c(313): warning C4013: 'CTR'이(가) 정의되지 않았습니다. extern은 int형을 반환하는 것으로 간주합니다.
c:\users\dbwls\desktop\최적화연구실\project1_aes\aes\aes\test.c(255): warning C4101: 'pt_string' :참조되지 않은 지역 변수입니다.
c:\users\dbwls\desktop\최적화연구실\project1_aes\aes\aes\test.c(255): warning C4101: 'key_string' :참조되지 않은 지역 변수입니다.
c:\users\dbwls\desktop\최적화연구실\project1_aes\aes\aes\test.c(255): warning C4101: 'ctr_string' :참조되지 않은 지역 변수입니다.
c:\users\dbwls\desktop\최적화연구실\project1_aes\aes\aes\test.c(380): warning C4047: '함수': 'int *'의 간접 참조 수준이 'int **'과(와) 다릅니다.
c:\users\dbwls\desktop\최적화연구실\project1_aes\aes\aes\test.c(380): warning C4024: 'Ascii': 형식 및 실제 매개 변수 3의 형식이 서로 다릅니다.
c:\users\dbwls\desktop\최적화연구실\project1_aes\aes\aes\test.c(357): warning C4101: 'pt_string' :참조되지 않은 지역 변수입니다.
c:\users\dbwls\desktop\최적화연구실\project1_aes\aes\aes\test.c(357): warning C4101: 'key_string' :참조되지 않은 지역 변수입니다.
c:\users\dbwls\desktop\최적화연구실\project1_aes\aes\aes\test.c(467): warning C4047: '함수': 'int *'의 간접 참조 수준이 'int **'과(와) 다릅니다.
c:\users\dbwls\desktop\최적화연구실\project1_aes\aes\aes\test.c(467): warning C4024: 'Ascii': 형식 및 실제 매개 변수 3의 형식이 서로 다릅니다.
c:\users\dbwls\desktop\최적화연구실\project1_aes\aes\aes\test.c(443): warning C4101: 'pt_string' :참조되지 않은 지역 변수입니다.
c:\users\dbwls\desktop\최적화연구실\project1_aes\aes\aes\test.c(443): warning C4101: 'key_string' :참조되지 않은 지역 변수입니다.
c:\users\dbwls\desktop\최적화연구실\project1_aes\aes\aes\test.c(443): warning C4101: 'iv_string' :참조되지 않은 지역 변수입니다.
c:\users\dbwls\desktop\최적화연구실\project1_aes\aes\aes\test.c(565): warning C4047: '함수': 'int *'의 간접 참조 수준이 'int **'과(와) 다릅니다.
c:\users\dbwls\desktop\최적화연구실\project1_aes\aes\aes\test.c(565): warning C4024: 'Ascii': 형식 및 실제 매개 변수 3의 형식이 서로 다릅니다.
c:\users\dbwls\desktop\최적화연구실\project1_aes\aes\aes\test.c(541): warning C4101: 'pt_string' :참조되지 않은 지역 변수입니다.
c:\users\dbwls\desktop\최적화연구실\project1_aes\aes\aes\test.c(541): warning C4101: 'key_string' :참조되지 않은 지역 변수입니다.
c:\users\dbwls\desktop\최적화연구실\project1_aes\aes\aes\test.c(541): warning C4101: 'ctr_string' :참조되지 않은 지역 변수입니다.
c:\users\dbwls\desktop\최적화연구실\project1_aes\aes\aes\test.c(661): warning C4047: '함수': 'int *'의 간접 참조 수준이 'int **'과(와) 다릅니다.
c:\users\dbwls\desktop\최적화연구실\project1_aes\aes\aes\test.c(661): warning C4024: 'Ascii': 형식 및 실제 매개 변수 3의 형식이 서로 다릅니다.
c:\users\dbwls\desktop\최적화연구실\project1_aes\aes\aes\test.c(672): warning C4013: 'MCT_ECB'이(가) 정의되지 않았습니다. extern은 int형을 반환하는 것으로 간주합니다.
c:\users\dbwls\desktop\최적화연구실\project1_aes\aes\aes\test.c(640): warning C4047: '초기화 중': 'int'의 간접 참조 수준이 'void *'과(와) 다릅니다.
c:\users\dbwls\desktop\최적화연구실\project1_aes\aes\aes\test.c(642): warning C4101: 'pt_string' :참조되지 않은 지역 변수입니다.
c:\users\dbwls\desktop\최적화연구실\project1_aes\aes\aes\test.c(642): warning C4101: 'key_string' :참조되지 않은 지역 변수입니다.
c:\users\dbwls\desktop\최적화연구실\project1_aes\aes\aes\test.c(639): warning C4101: 'i' :참조되지 않은 지역 변수입니다.
c:\users\dbwls\desktop\최적화연구실\project1_aes\aes\aes\test.c(716): warning C4047: '함수': 'int *'의 간접 참조 수준이 'int **'과(와) 다릅니다.
c:\users\dbwls\desktop\최적화연구실\project1_aes\aes\aes\test.c(716): warning C4024: 'Ascii': 형식 및 실제 매개 변수 3의 형식이 서로 다릅니다.
c:\users\dbwls\desktop\최적화연구실\project1_aes\aes\aes\test.c(734): warning C4013: 'MCT_CBC'이(가) 정의되지 않았습니다. extern은 int형을 반환하는 것으로 간주합니다.
c:\users\dbwls\desktop\최적화연구실\project1_aes\aes\aes\test.c(694): warning C4047: '초기화 중': 'int'의 간접 참조 수준이 'void *'과(와) 다릅니다.
c:\users\dbwls\desktop\최적화연구실\project1_aes\aes\aes\test.c(696): warning C4101: 'pt_string' :참조되지 않은 지역 변수입니다.
c:\users\dbwls\desktop\최적화연구실\project1_aes\aes\aes\test.c(696): warning C4101: 'key_string' :참조되지 않은 지역 변수입니다.
c:\users\dbwls\desktop\최적화연구실\project1_aes\aes\aes\test.c(691): warning C4101: 'buf' :참조되지 않은 지역 변수입니다.
c:\users\dbwls\desktop\최적화연구실\project1_aes\aes\aes\test.c(696): warning C4101: 'iv_string' :참조되지 않은 지역 변수입니다.
c:\users\dbwls\desktop\최적화연구실\project1_aes\aes\aes\test.c(693): warning C4101: 'i' :참조되지 않은 지역 변수입니다.
c:\users\dbwls\desktop\최적화연구실\project1_aes\aes\aes\test.c(776): warning C4047: '함수': 'int *'의 간접 참조 수준이 'int **'과(와) 다릅니다.
c:\users\dbwls\desktop\최적화연구실\project1_aes\aes\aes\test.c(776): warning C4024: 'Ascii': 형식 및 실제 매개 변수 3의 형식이 서로 다릅니다.
c:\users\dbwls\desktop\최적화연구실\project1_aes\aes\aes\test.c(792): warning C4013: 'MCT_CTR'이(가) 정의되지 않았습니다. extern은 int형을 반환하는 것으로 간주합니다.
c:\users\dbwls\desktop\최적화연구실\project1_aes\aes\aes\test.c(753): warning C4047: '초기화 중': 'int'의 간접 참조 수준이 'void *'과(와) 다릅니다.
c:\users\dbwls\desktop\최적화연구실\project1_aes\aes\aes\test.c(755): warning C4101: 'pt_string' :참조되지 않은 지역 변수입니다.
c:\users\dbwls\desktop\최적화연구실\project1_aes\aes\aes\test.c(755): warning C4101: 'key_string' :참조되지 않은 지역 변수입니다.
c:\users\dbwls\desktop\최적화연구실\project1_aes\aes\aes\test.c(750): warning C4101: 'buf' :참조되지 않은 지역 변수입니다.
c:\users\dbwls\desktop\최적화연구실\project1_aes\aes\aes\test.c(755): warning C4101: 'ctr_string' :참조되지 않은 지역 변수입니다.
c:\users\dbwls\desktop\최적화연구실\project1_aes\aes\aes\test.c(752): warning C4101: 'i' :참조되지 않은 지역 변수입니다.
  코드를 생성하고 있습니다.
  11 of 12 functions (91.7%) were compiled, the rest were copied from previous compilation.
    0 functions were new in current compilation
    0 functions had inline decision re-evaluated but remain unchanged
  코드를 생성했습니다.
  AES.vcxproj -> C:\Users\dbwls\Desktop\최적화연구실\Project1_AES\AES\x64\Release\AES.exe
